<?xml version="1.0" encoding="UTF-8"?>
<!-- Generated by org.testng.reporters.JUnitXMLReporter -->
<testsuite hostname="PC-May2015" ignored="0" name="Test" tests="4" failures="0" timestamp="2021-02-15T09:04:19 CST" time="87.225" errors="0">
  <testcase name="basePageNavigation" time="25.562" classname="zsquared.HomePage"/>
  <testcase name="basePageNavigation" time="23.885" classname="zsquared.HomePage"/>
  <testcase name="basePageNavigation" time="0.171" classname="zsquared.validateTitleLandingPage"/>
  <testcase name="basePageNavigation" time="0.409" classname="zsquared.validateNavbarLandingPage"/>
</testsuite> <!-- Test -->
