<?xml version="1.0" encoding="UTF-8"?>
<testng-results skipped="0" failed="0" ignored="0" total="1" passed="1">
  <reporter-output>
  </reporter-output>
  <suite name="Default suite" duration-ms="25846" started-at="2021-02-10T16:09:29 CST" finished-at="2021-02-10T16:09:55 CST">
    <groups>
    </groups>
    <test name="Default test" duration-ms="25846" started-at="2021-02-10T16:09:29 CST" finished-at="2021-02-10T16:09:55 CST">
      <class name="zsquared.ExtentReports.ExtentReportDemo">
        <test-method status="PASS" signature="config()[pri:0, instance:zsquared.ExtentReports.ExtentReportDemo@3fd7a715]" name="config" is-config="true" duration-ms="684" started-at="2021-02-10T16:09:29 CST" finished-at="2021-02-10T16:09:30 CST">
          <reporter-output>
          </reporter-output>
        </test-method> <!-- config -->
        <test-method status="PASS" signature="initialDemoTest()[pri:0, instance:zsquared.ExtentReports.ExtentReportDemo@3fd7a715]" name="initialDemoTest" duration-ms="25062" started-at="2021-02-10T16:09:30 CST" finished-at="2021-02-10T16:09:55 CST">
          <reporter-output>
          </reporter-output>
        </test-method> <!-- initialDemoTest -->
      </class> <!-- zsquared.ExtentReports.ExtentReportDemo -->
    </test> <!-- Default test -->
  </suite> <!-- Default suite -->
</testng-results>
